ğŸ—ï¸ LyX Background: Initializing...
config-manager.js:125 LyX Extension: Loading default mappings from mac.bind
173lyx-parser.js:236 ğŸ”§ LyX Parser: Mac M- mapping to Ctrl (mapMetaToCtrl=true)
background.js:37 âœ… LyX Background: Initialization completed successfully
test.js:20 ğŸ§ª LyX Extension Test Suite: Environment ready
test.js:357 ğŸ§ª LyX Extension Test Suite: Ready with 7 tests
test.js:361 ğŸ§ª Auto-running tests...
test.js:104 ğŸ§ª Running all tests...
test.js:117 âŒ Extension Initialization: FAILED - Error: Extension not initialized
    at test.js:149:16
    at new Promise (<anonymous>)
    at RefactoredExtensionTester.testExtensionInitialization (test.js:147:12)
    at test.js:349:57
    at RefactoredExtensionTester.runAllTests (test.js:112:30)
    at test.js:362:12
runAllTests @ test.js:117Understand this error
test.js:117 âŒ EventManager Presence: FAILED - Error: EventManager not available
    at test.js:166:16
    at new Promise (<anonymous>)
    at RefactoredExtensionTester.testEventManagerPresence (test.js:164:12)
    at test.js:350:54
    at RefactoredExtensionTester.runAllTests (test.js:112:30)
runAllTests @ test.js:117Understand this error
test.js:117 âŒ Element Detection: FAILED - Error: Extension not available
    at test.js:193:18
runAllTests @ test.js:117Understand this error
test.js:117 âŒ Basic Hotkey (Ctrl+M): FAILED - Error: Expected '$$', got ''
    at test.js:234:18
runAllTests @ test.js:117Understand this error
test.js:117 âŒ Sequence Hotkey (Ctrl+L A): FAILED - Error: Expected '\alpha', got ''
    at test.js:277:20
runAllTests @ test.js:117Understand this error
test.js:114 âœ… Configuration Load: PASSED
test.js:117 âŒ ContentEditable Support: FAILED - Error: Expected '****', got ''
    at test.js:340:18
runAllTests @ test.js:117Understand this error
test.js:104 ğŸ§ª Running all tests...
test.js:117 âŒ Extension Initialization: FAILED - Error: Extension not initialized
    at test.js:149:16
    at new Promise (<anonymous>)
    at RefactoredExtensionTester.testExtensionInitialization (test.js:147:12)
    at test.js:349:57
    at RefactoredExtensionTester.runAllTests (test.js:112:30)
    at HTMLButtonElement.<anonymous> (test.js:95:12)
runAllTests @ test.js:117Understand this error
test.js:117 âŒ EventManager Presence: FAILED - Error: EventManager not available
    at test.js:166:16
    at new Promise (<anonymous>)
    at RefactoredExtensionTester.testEventManagerPresence (test.js:164:12)
    at test.js:350:54
    at RefactoredExtensionTester.runAllTests (test.js:112:30)
runAllTests @ test.js:117Understand this error
test.js:117 âŒ Element Detection: FAILED - Error: Extension not available
    at test.js:193:18
runAllTests @ test.js:117Understand this error
test.js:117 âŒ Basic Hotkey (Ctrl+M): FAILED - Error: Expected '$$', got ''
    at test.js:234:18
runAllTests @ test.js:117Understand this error
test.js:117 âŒ Sequence Hotkey (Ctrl+L A): FAILED - Error: Expected '\alpha', got ''
    at test.js:277:20
runAllTests @ test.js:117Understand this error
test.js:114 âœ… Configuration Load: PASSED
test.js:117 âŒ ContentEditable Support: FAILED - Error: Expected '****', got ''
    at test.js:340:18
runAllTests @ test.js:117Understand this error